2025-07-02 16:49:21,028 - INFO - Lancement de la fonction exportStudentByCity
2025-07-02 16:49:21,028 - INFO - Lecture du fichier CSV : ./Fichier étudiants.csv
2025-07-02 16:49:21,028 - INFO - Nombre d'éléments lus : 30
2025-07-02 16:49:21,028 - INFO - Liste des villes extraites : ['Marseille', 'Nantes', 'Bordeaux', 'Nice', 'Lyon', 'Toulouse', 'Lille', 'Paris']
2025-07-02 16:49:26,727 - INFO - Ville saisie par l'utilisateur : test
2025-07-02 16:49:26,727 - WARNING - Aucun campus pour la ville saisie : Test
2025-07-02 16:49:29,931 - INFO - Ville saisie par l'utilisateur : Marseille
2025-07-02 16:49:29,931 - INFO - Ville trouvée dans la liste : Marseille
2025-07-02 16:49:29,931 - INFO - Nombre d'étudiants trouvés pour Marseille : 5
2025-07-02 16:49:29,931 - INFO - Export des données vers le fichier JSON : export/Marseille.json
2025-07-02 16:49:29,934 - INFO - Export JSON terminé
2025-07-02 16:49:29,934 - INFO - Export terminé pour la ville : Marseille
2025-07-02 16:50:04,289 - INFO - Lancement de la fonction exportStudentByCity
2025-07-02 16:50:04,289 - INFO - Lecture du fichier CSV : ./Fichier étudiants.csv
2025-07-02 16:50:04,289 - INFO - Nombre d'éléments lus : 30
2025-07-02 16:50:04,289 - INFO - Liste des villes extraites : ['Marseille', 'Nantes', 'Bordeaux', 'Nice', 'Lyon', 'Toulouse', 'Lille', 'Paris']
2025-07-02 16:50:06,807 - INFO - Ville saisie par l'utilisateur : Paris
2025-07-02 16:50:06,807 - INFO - Ville trouvée dans la liste : Paris
2025-07-02 16:50:06,807 - INFO - Nombre d'étudiants trouvés pour Paris : 3
2025-07-02 16:50:06,807 - INFO - Export des données vers le fichier JSON : export/Paris.json
2025-07-02 16:50:06,808 - INFO - Export JSON terminé
2025-07-02 16:50:06,808 - INFO - Export terminé pour la ville : Paris
